<?xml version="1.0" encoding="UTF-8"?>
<!-- Generated by org.testng.reporters.JUnitReportReporter -->
<testsuite hostname="karra" name="com.prices.AppTest" tests="2" failures="0" timestamp="24 Mar 2019 19:32:28 GMT" time="0.197" errors="0">
  <testcase name="testApplicationCreatesFile" time="0.197" classname="com.prices.AppTest"/>
  <testcase name="testApplicationCreatedFileWithFourLines" time="0.000" classname="com.prices.AppTest"/>
</testsuite> <!-- com.prices.AppTest -->
